c:\development\ballstothewall\ballstothewall\x64\debug\vc142.pdb
c:\development\ballstothewall\ballstothewall\x64\debug\vc142.idb
c:\development\ballstothewall\ballstothewall\x64\debug\timetracker.obj
c:\development\ballstothewall\ballstothewall\x64\debug\sandbox.obj
c:\development\ballstothewall\ballstothewall\x64\debug\main.obj
c:\development\ballstothewall\ballstothewall\x64\debug\mouse.obj
c:\development\ballstothewall\ballstothewall\x64\debug\keyboard.obj
c:\development\ballstothewall\ballstothewall\x64\debug\window.obj
c:\development\ballstothewall\ballstothewall\x64\debug\player.obj
c:\development\ballstothewall\ballstothewall\x64\debug\inputmanager.obj
c:\development\ballstothewall\ballstothewall\x64\debug\ball.obj
c:\development\ballstothewall\ballstothewall\x64\debug\healthbar.obj
c:\development\ballstothewall\ballstothewall\x64\debug\enemy.obj
c:\development\ballstothewall\ballstothewall\x64\debug\enemymanager.obj
c:\development\ballstothewall\ballstothewall\x64\debug\random.obj
c:\development\ballstothewall\ballstothewall\x64\debug\particlesystem.obj
c:\development\ballstothewall\ballstothewall\x64\debug\options.obj
c:\development\ballstothewall\ballstothewall\x64\debug\musicmanager.obj
c:\development\ballstothewall\ballstothewall\x64\debug\squareenemy.obj
c:\development\ballstothewall\ballstothewall\x64\debug\saveload.obj
c:\development\ballstothewall\ballstothewall\x64\debug\hexagonenemy.obj
c:\development\ballstothewall\ballstothewall\x64\debug\button.obj
c:\development\ballstothewall\ballstothewall\x64\debug\triangleenemy.obj
c:\development\ballstothewall\ballstothewall\x64\debug\summonsystem.obj
c:\development\ballstothewall\x64\debug\ballstothewall.pdb
c:\development\ballstothewall\ballstothewall\x64\debug\ballstothewall.tlog\cl.command.1.tlog
c:\development\ballstothewall\ballstothewall\x64\debug\ballstothewall.tlog\cl.read.1.tlog
c:\development\ballstothewall\ballstothewall\x64\debug\ballstothewall.tlog\cl.write.1.tlog
c:\development\ballstothewall\ballstothewall\x64\debug\ballstothewall.tlog\link-cvtres.read.1.tlog
c:\development\ballstothewall\ballstothewall\x64\debug\ballstothewall.tlog\link-cvtres.write.1.tlog
c:\development\ballstothewall\ballstothewall\x64\debug\ballstothewall.tlog\link-rc.read.1.tlog
c:\development\ballstothewall\ballstothewall\x64\debug\ballstothewall.tlog\link-rc.write.1.tlog
c:\development\ballstothewall\ballstothewall\x64\debug\ballstothewall.tlog\link.command.1.tlog
c:\development\ballstothewall\ballstothewall\x64\debug\ballstothewall.tlog\link.read.1.tlog
c:\development\ballstothewall\ballstothewall\x64\debug\ballstothewall.tlog\link.write.1.tlog
