C:\Program Files (x86)\Microsoft Visual Studio\2019\Community\MSBuild\Microsoft\VC\v160\Microsoft.CppBuild.targets(491,5): warning MSB8028: The intermediate directory (x64\Debug\) contains files shared from another project (Raycast Engine 2.0.vcxproj).  This can lead to incorrect clean and rebuild behavior.
  EnemyManager.cpp
C:\Development\BallsToTheWall\BallsToTheWall\src\math\Math.h(28,41): warning C4244: 'argument': conversion from 'float' to 'sf::Uint8', possible loss of data
C:\Development\BallsToTheWall\BallsToTheWall\src\math\Math.h(27,41): warning C4244: 'argument': conversion from 'float' to 'sf::Uint8', possible loss of data
C:\Development\BallsToTheWall\BallsToTheWall\src\math\Math.h(26,41): warning C4244: 'argument': conversion from 'float' to 'sf::Uint8', possible loss of data
C:\Development\BallsToTheWall\BallsToTheWall\src\math\Math.h(25,41): warning C4244: 'argument': conversion from 'float' to 'sf::Uint8', possible loss of data
C:\Development\BallsToTheWall\BallsToTheWall\src\math\Math.h(41,78): warning C4244: 'return': conversion from 'double' to 'float', possible loss of data
C:\Development\BallsToTheWall\BallsToTheWall\src\math\Math.h(42,78): warning C4244: 'return': conversion from 'double' to 'float', possible loss of data
C:\Development\BallsToTheWall\BallsToTheWall\src\ParticleSystem.h(11,40): warning C4305: 'initializing': truncation from 'double' to 'float'
C:\Development\BallsToTheWall\BallsToTheWall\src\SummonSystem.h(19,38): warning C4305: 'initializing': truncation from 'double' to 'float'
C:\Development\BallsToTheWall\BallsToTheWall\src\EnemyManager.cpp(91,79): warning C4267: 'argument': conversion from 'size_t' to 'const int', possible loss of data
  ParticleSystem.cpp
C:\Development\BallsToTheWall\BallsToTheWall\src\math\Math.h(28,41): warning C4244: 'argument': conversion from 'float' to 'sf::Uint8', possible loss of data
C:\Development\BallsToTheWall\BallsToTheWall\src\math\Math.h(27,41): warning C4244: 'argument': conversion from 'float' to 'sf::Uint8', possible loss of data
C:\Development\BallsToTheWall\BallsToTheWall\src\math\Math.h(26,41): warning C4244: 'argument': conversion from 'float' to 'sf::Uint8', possible loss of data
C:\Development\BallsToTheWall\BallsToTheWall\src\math\Math.h(25,41): warning C4244: 'argument': conversion from 'float' to 'sf::Uint8', possible loss of data
C:\Development\BallsToTheWall\BallsToTheWall\src\math\Math.h(41,78): warning C4244: 'return': conversion from 'double' to 'float', possible loss of data
C:\Development\BallsToTheWall\BallsToTheWall\src\math\Math.h(42,78): warning C4244: 'return': conversion from 'double' to 'float', possible loss of data
C:\Development\BallsToTheWall\BallsToTheWall\src\ParticleSystem.h(11,40): warning C4305: 'initializing': truncation from 'double' to 'float'
C:\Development\BallsToTheWall\BallsToTheWall\src\ParticleSystem.cpp(65,22): warning C4244: 'initializing': conversion from 'double' to 'float', possible loss of data
C:\Development\BallsToTheWall\BallsToTheWall\src\ParticleSystem.cpp(77,43): warning C4267: '=': conversion from 'size_t' to 'unsigned int', possible loss of data
C:\Development\BallsToTheWall\BallsToTheWall\src\ParticleSystem.cpp(84,27): warning C4267: 'return': conversion from 'size_t' to 'int', possible loss of data
  Sandbox.cpp
C:\Development\BallsToTheWall\BallsToTheWall\src\math\Math.h(28,41): warning C4244: 'argument': conversion from 'float' to 'sf::Uint8', possible loss of data
C:\Development\BallsToTheWall\BallsToTheWall\src\math\Math.h(27,41): warning C4244: 'argument': conversion from 'float' to 'sf::Uint8', possible loss of data
C:\Development\BallsToTheWall\BallsToTheWall\src\math\Math.h(26,41): warning C4244: 'argument': conversion from 'float' to 'sf::Uint8', possible loss of data
C:\Development\BallsToTheWall\BallsToTheWall\src\math\Math.h(25,41): warning C4244: 'argument': conversion from 'float' to 'sf::Uint8', possible loss of data
C:\Development\BallsToTheWall\BallsToTheWall\src\math\Math.h(41,78): warning C4244: 'return': conversion from 'double' to 'float', possible loss of data
C:\Development\BallsToTheWall\BallsToTheWall\src\math\Math.h(42,78): warning C4244: 'return': conversion from 'double' to 'float', possible loss of data
C:\Development\BallsToTheWall\BallsToTheWall\src\ParticleSystem.h(11,40): warning C4305: 'initializing': truncation from 'double' to 'float'
C:\Development\BallsToTheWall\BallsToTheWall\src\SummonSystem.h(19,38): warning C4305: 'initializing': truncation from 'double' to 'float'
C:\Development\BallsToTheWall\BallsToTheWall\src\Sandbox.cpp(61,86): warning C4244: 'argument': conversion from 'float' to 'const int', possible loss of data
C:\Development\BallsToTheWall\BallsToTheWall\src\Sandbox.cpp(61,60): warning C4244: 'argument': conversion from 'float' to 'const int', possible loss of data
C:\Development\BallsToTheWall\BallsToTheWall\src\Sandbox.cpp(61,130): warning C4244: 'argument': conversion from 'float' to 'const int', possible loss of data
C:\Development\BallsToTheWall\BallsToTheWall\src\Sandbox.cpp(61,104): warning C4244: 'argument': conversion from 'float' to 'const int', possible loss of data
C:\Development\BallsToTheWall\BallsToTheWall\src\Sandbox.cpp(61,103): warning C4244: 'argument': conversion from 'int' to 'T', possible loss of data
          with
          [
              T=float
          ]
C:\Development\BallsToTheWall\BallsToTheWall\src\Sandbox.cpp(61,59): warning C4244: 'argument': conversion from 'int' to 'T', possible loss of data
          with
          [
              T=float
          ]
C:\Development\BallsToTheWall\BallsToTheWall\src\Sandbox.cpp(61,159): warning C4244: 'argument': conversion from 'int' to 'T', possible loss of data
          with
          [
              T=float
          ]
C:\Development\BallsToTheWall\BallsToTheWall\src\Sandbox.cpp(61,150): warning C4244: 'argument': conversion from 'int' to 'T', possible loss of data
          with
          [
              T=float
          ]
C:\Development\BallsToTheWall\BallsToTheWall\src\Sandbox.cpp(75,106): warning C4244: 'argument': conversion from 'T' to 'T', possible loss of data
          with
          [
              T=unsigned int
          ]
          and
          [
              T=float
          ]
C:\Development\BallsToTheWall\BallsToTheWall\src\Sandbox.cpp(75,73): warning C4244: 'argument': conversion from 'T' to 'T', possible loss of data
          with
          [
              T=unsigned int
          ]
          and
          [
              T=float
          ]
C:\Development\BallsToTheWall\BallsToTheWall\src\Sandbox.cpp(81,38): warning C4244: 'argument': conversion from 'int' to 'const float', possible loss of data
C:\Development\BallsToTheWall\BallsToTheWall\src\Sandbox.cpp(81,29): warning C4244: 'argument': conversion from 'int' to 'const float', possible loss of data
C:\Development\BallsToTheWall\BallsToTheWall\src\Sandbox.cpp(81,17): warning C4244: '=': conversion from 'float' to 'int', possible loss of data
  SummonSystem.cpp
C:\Development\BallsToTheWall\BallsToTheWall\src\math\Math.h(28,41): warning C4244: 'argument': conversion from 'float' to 'sf::Uint8', possible loss of data
C:\Development\BallsToTheWall\BallsToTheWall\src\math\Math.h(27,41): warning C4244: 'argument': conversion from 'float' to 'sf::Uint8', possible loss of data
C:\Development\BallsToTheWall\BallsToTheWall\src\math\Math.h(26,41): warning C4244: 'argument': conversion from 'float' to 'sf::Uint8', possible loss of data
C:\Development\BallsToTheWall\BallsToTheWall\src\math\Math.h(25,41): warning C4244: 'argument': conversion from 'float' to 'sf::Uint8', possible loss of data
C:\Development\BallsToTheWall\BallsToTheWall\src\math\Math.h(41,78): warning C4244: 'return': conversion from 'double' to 'float', possible loss of data
C:\Development\BallsToTheWall\BallsToTheWall\src\math\Math.h(42,78): warning C4244: 'return': conversion from 'double' to 'float', possible loss of data
C:\Development\BallsToTheWall\BallsToTheWall\src\SummonSystem.h(19,38): warning C4305: 'initializing': truncation from 'double' to 'float'
C:\Development\BallsToTheWall\BallsToTheWall\src\ParticleSystem.h(11,40): warning C4305: 'initializing': truncation from 'double' to 'float'
C:\Development\BallsToTheWall\BallsToTheWall\src\SummonSystem.cpp(85,15): warning C4244: 'initializing': conversion from 'double' to 'float', possible loss of data
C:\Development\BallsToTheWall\BallsToTheWall\src\SummonSystem.cpp(86,70): warning C4244: 'argument': conversion from 'double' to 'const float', possible loss of data
C:\Development\BallsToTheWall\BallsToTheWall\src\SummonSystem.cpp(89,70): warning C4244: 'argument': conversion from 'double' to 'const float', possible loss of data
C:\Development\BallsToTheWall\BallsToTheWall\src\SummonSystem.cpp(92,71): warning C4244: 'argument': conversion from 'double' to 'const float', possible loss of data
C:\Development\BallsToTheWall\BallsToTheWall\src\SummonSystem.cpp(95,70): warning C4244: 'argument': conversion from 'double' to 'const float', possible loss of data
C:\Development\BallsToTheWall\BallsToTheWall\src\SummonSystem.cpp(101,15): warning C4244: 'initializing': conversion from 'double' to 'float', possible loss of data
C:\Development\BallsToTheWall\BallsToTheWall\src\SummonSystem.cpp(102,68): warning C4244: 'argument': conversion from 'double' to 'const float', possible loss of data
C:\Development\BallsToTheWall\BallsToTheWall\src\SummonSystem.cpp(105,68): warning C4244: 'argument': conversion from 'double' to 'const float', possible loss of data
C:\Development\BallsToTheWall\BallsToTheWall\src\SummonSystem.cpp(108,68): warning C4244: 'argument': conversion from 'double' to 'const float', possible loss of data
C:\Development\BallsToTheWall\BallsToTheWall\src\SummonSystem.cpp(111,68): warning C4244: 'argument': conversion from 'double' to 'const float', possible loss of data
C:\Development\BallsToTheWall\BallsToTheWall\src\SummonSystem.cpp(117,18): warning C4244: 'initializing': conversion from 'double' to 'float', possible loss of data
C:\Development\BallsToTheWall\BallsToTheWall\src\SummonSystem.cpp(120,38): warning C4305: 'initializing': truncation from 'double' to 'float'
C:\Development\BallsToTheWall\BallsToTheWall\src\SummonSystem.cpp(121,36): warning C4305: 'initializing': truncation from 'double' to 'float'
C:\Development\BallsToTheWall\BallsToTheWall\src\SummonSystem.cpp(132,39): warning C4267: '=': conversion from 'size_t' to 'unsigned int', possible loss of data
  Generating Code...
  BallsToTheWall.vcxproj -> C:\Development\BallsToTheWall\x64\Debug\BallsToTheWall.exe
